Pig Stack Trace
---------------
ERROR 101: file '$GB_HOME/target/graphbuilder-2.0-alpha-with-deps.jar' does not exist.

org.apache.pig.backend.executionengine.ExecException: ERROR 101: file '$GB_HOME/target/graphbuilder-2.0-alpha-with-deps.jar' does not exist.
	at org.apache.pig.impl.io.FileLocalizer.fetchFilesInternal(FileLocalizer.java:747)
	at org.apache.pig.impl.io.FileLocalizer.fetchFiles(FileLocalizer.java:699)
	at org.apache.pig.PigServer.registerJar(PigServer.java:510)
	at org.apache.pig.tools.grunt.GruntParser.processRegister(GruntParser.java:473)
	at org.apache.pig.tools.pigscript.parser.PigScriptParser.parse(PigScriptParser.java:546)
	at org.apache.pig.tools.grunt.GruntParser.parseStopOnError(GruntParser.java:198)
	at org.apache.pig.tools.grunt.GruntParser.parseStopOnError(GruntParser.java:173)
	at org.apache.pig.tools.grunt.Grunt.run(Grunt.java:69)
	at org.apache.pig.Main.run(Main.java:541)
	at org.apache.pig.Main.main(Main.java:156)
	at sun.reflect.NativeMethodAccessorImpl.invoke0(Native Method)
	at sun.reflect.NativeMethodAccessorImpl.invoke(NativeMethodAccessorImpl.java:57)
	at sun.reflect.DelegatingMethodAccessorImpl.invoke(DelegatingMethodAccessorImpl.java:43)
	at java.lang.reflect.Method.invoke(Method.java:601)
	at org.apache.hadoop.util.RunJar.main(RunJar.java:160)
================================================================================
