Pig Stack Trace
---------------
ERROR 2997: Encountered IOException. java.io.IOException: sh command 'echo "disable 'gb_input_table'" | hbase shell' failed. Please check output logs for details

java.io.IOException: java.io.IOException: sh command 'echo "disable 'gb_input_table'" | hbase shell' failed. Please check output logs for details
	at org.apache.pig.tools.grunt.GruntParser.processShCommand(GruntParser.java:1216)
	at org.apache.pig.tools.pigscript.parser.PigScriptParser.parse(PigScriptParser.java:183)
	at org.apache.pig.tools.grunt.GruntParser.parseStopOnError(GruntParser.java:198)
	at org.apache.pig.tools.grunt.GruntParser.parseStopOnError(GruntParser.java:173)
	at org.apache.pig.tools.grunt.Grunt.exec(Grunt.java:84)
	at org.apache.pig.Main.run(Main.java:478)
	at org.apache.pig.Main.main(Main.java:156)
	at sun.reflect.NativeMethodAccessorImpl.invoke0(Native Method)
	at sun.reflect.NativeMethodAccessorImpl.invoke(NativeMethodAccessorImpl.java:57)
	at sun.reflect.DelegatingMethodAccessorImpl.invoke(DelegatingMethodAccessorImpl.java:43)
	at java.lang.reflect.Method.invoke(Method.java:601)
	at org.apache.hadoop.util.RunJar.main(RunJar.java:160)
Caused by: java.io.IOException: sh command 'echo "disable 'gb_input_table'" | hbase shell' failed. Please check output logs for details
	at org.apache.pig.tools.grunt.GruntParser.processShCommand(GruntParser.java:1212)
	... 11 more
================================================================================
